# JRE version: Java(TM) SE Runtime Environment 18.9 (11.0.9+7) (build 11.0.9+7-LTS)
# Java VM: Java HotSpot(TM) 64-Bit Server VM 18.9 (11.0.9+7-LTS, mixed mode, tiered, compressed oops, parallel gc, windows-amd64)
Heap:
 PSYoungGen      total 5632K, used 2217K [0x00000000eab00000, 0x00000000eb380000, 0x0000000100000000)
  eden space 3072K, 0% used [0x00000000eab00000,0x00000000eab00000,0x00000000eae00000)
  from space 2560K, 86% used [0x00000000eb100000,0x00000000eb32a6d8,0x00000000eb380000)
  to   space 2560K, 0% used [0x00000000eae80000,0x00000000eae80000,0x00000000eb100000)
 ParOldGen       total 270848K, used 270211K [0x00000000c0000000, 0x00000000d0880000, 0x00000000eab00000)
  object space 270848K, 99% used [0x00000000c0000000,0x00000000d07e0ef8,0x00000000d0880000)
 Metaspace       used 51186K, capacity 53664K, committed 53760K, reserved 1097728K
  class space    used 5268K, capacity 6059K, committed 6144K, reserved 1048576K
GC Heap History (10 events):
Event: 93.570 GC heap after
{Heap after GC invocations=200 (full 10):
 PSYoungGen      total 4096K, used 2045K [0x00000000eab00000, 0x00000000eb280000, 0x0000000100000000)
  eden space 2048K, 0% used [0x00000000eab00000,0x00000000eab00000,0x00000000ead00000)
  from space 2048K, 99% used [0x00000000eb080000,0x00000000eb27f470,0x00000000eb280000)
  to   space 2560K, 0% used [0x00000000ead80000,0x00000000ead80000,0x00000000eb000000)
 ParOldGen       total 270848K, used 267123K [0x00000000c0000000, 0x00000000d0880000, 0x00000000eab00000)
  object space 270848K, 98% used [0x00000000c0000000,0x00000000d04dccc0,0x00000000d0880000)
 Metaspace       used 51184K, capacity 53664K, committed 53760K, reserved 1097728K
  class space    used 5268K, capacity 6059K, committed 6144K, reserved 1048576K
}
Event: 93.957 GC heap before
{Heap before GC invocations=201 (full 10):
 PSYoungGen      total 4096K, used 4051K [0x00000000eab00000, 0x00000000eb280000, 0x0000000100000000)
  eden space 2048K, 97% used [0x00000000eab00000,0x00000000eacf5a50,0x00000000ead00000)
  from space 2048K, 99% used [0x00000000eb080000,0x00000000eb27f470,0x00000000eb280000)
  to   space 2560K, 0% used [0x00000000ead80000,0x00000000ead80000,0x00000000eb000000)
 ParOldGen       total 270848K, used 267123K [0x00000000c0000000, 0x00000000d0880000, 0x00000000eab00000)
  object space 270848K, 98% used [0x00000000c0000000,0x00000000d04dccc0,0x00000000d0880000)
 Metaspace       used 51186K, capacity 53664K, committed 53760K, reserved 1097728K
  class space    used 5268K, capacity 6059K, committed 6144K, reserved 1048576K
}
Event: 93.960 GC heap after
{Heap after GC invocations=201 (full 10):
 PSYoungGen      total 4608K, used 2554K [0x00000000eab00000, 0x00000000eb300000, 0x0000000100000000)
  eden space 2048K, 0% used [0x00000000eab00000,0x00000000eab00000,0x00000000ead00000)
  from space 2560K, 99% used [0x00000000ead80000,0x00000000eaffeab0,0x00000000eb000000)
  to   space 3072K, 0% used [0x00000000eb000000,0x00000000eb000000,0x00000000eb300000)
 ParOldGen       total 270848K, used 267357K [0x00000000c0000000, 0x00000000d0880000, 0x00000000eab00000)
  object space 270848K, 98% used [0x00000000c0000000,0x00000000d0517430,0x00000000d0880000)
 Metaspace       used 51186K, capacity 53664K, committed 53760K, reserved 1097728K
  class space    used 5268K, capacity 6059K, committed 6144K, reserved 1048576K
}
Event: 94.094 GC heap before
{Heap before GC invocations=202 (full 10):
 PSYoungGen      total 4608K, used 4534K [0x00000000eab00000, 0x00000000eb300000, 0x0000000100000000)
  eden space 2048K, 96% used [0x00000000eab00000,0x00000000eaceef50,0x00000000ead00000)
  from space 2560K, 99% used [0x00000000ead80000,0x00000000eaffeab0,0x00000000eb000000)
  to   space 3072K, 0% used [0x00000000eb000000,0x00000000eb000000,0x00000000eb300000)
 ParOldGen       total 270848K, used 267357K [0x00000000c0000000, 0x00000000d0880000, 0x00000000eab00000)
  object space 270848K, 98% used [0x00000000c0000000,0x00000000d0517430,0x00000000d0880000)
 Metaspace       used 51186K, capacity 53664K, committed 53760K, reserved 1097728K
  class space    used 5268K, capacity 6059K, committed 6144K, reserved 1048576K
}
Event: 94.097 GC heap after
{Heap after GC invocations=202 (full 10):
 PSYoungGen      total 4608K, used 2228K [0x00000000eab00000, 0x00000000eb280000, 0x0000000100000000)
  eden space 2048K, 0% used [0x00000000eab00000,0x00000000eab00000,0x00000000ead00000)
  from space 2560K, 87% used [0x00000000eb000000,0x00000000eb22d0d0,0x00000000eb280000)
  to   space 2560K, 0% used [0x00000000ead80000,0x00000000ead80000,0x00000000eb000000)
 ParOldGen       total 270848K, used 268464K [0x00000000c0000000, 0x00000000d0880000, 0x00000000eab00000)
  object space 270848K, 99% used [0x00000000c0000000,0x00000000d062c288,0x00000000d0880000)
 Metaspace       used 51186K, capacity 53664K, committed 53760K, reserved 1097728K
  class space    used 5268K, capacity 6059K, committed 6144K, reserved 1048576K
}
Event: 94.099 GC heap before
{Heap before GC invocations=203 (full 10):
 PSYoungGen      total 4608K, used 4252K [0x00000000eab00000, 0x00000000eb280000, 0x0000000100000000)
  eden space 2048K, 98% used [0x00000000eab00000,0x00000000eacfa0e0,0x00000000ead00000)
  from space 2560K, 87% used [0x00000000eb000000,0x00000000eb22d0d0,0x00000000eb280000)
  to   space 2560K, 0% used [0x00000000ead80000,0x00000000ead80000,0x00000000eb000000)
 ParOldGen       total 270848K, used 268464K [0x00000000c0000000, 0x00000000d0880000, 0x00000000eab00000)
  object space 270848K, 99% used [0x00000000c0000000,0x00000000d062c288,0x00000000d0880000)
 Metaspace       used 51186K, capacity 53664K, committed 53760K, reserved 1097728K
  class space    used 5268K, capacity 6059K, committed 6144K, reserved 1048576K
}
Event: 94.102 GC heap after
{Heap after GC invocations=203 (full 10):
 PSYoungGen      total 5120K, used 2549K [0x00000000eab00000, 0x00000000eb480000, 0x0000000100000000)
  eden space 2560K, 0% used [0x00000000eab00000,0x00000000eab00000,0x00000000ead80000)
  from space 2560K, 99% used [0x00000000ead80000,0x00000000eaffd690,0x00000000eb000000)
  to   space 3584K, 0% used [0x00000000eb100000,0x00000000eb100000,0x00000000eb480000)
 ParOldGen       total 270848K, used 268996K [0x00000000c0000000, 0x00000000d0880000, 0x00000000eab00000)
  object space 270848K, 99% used [0x00000000c0000000,0x00000000d06b12c8,0x00000000d0880000)
 Metaspace       used 51186K, capacity 53664K, committed 53760K, reserved 1097728K
  class space    used 5268K, capacity 6059K, committed 6144K, reserved 1048576K
}
Event: 94.288 GC heap before
{Heap before GC invocations=204 (full 10):
 PSYoungGen      total 5120K, used 5085K [0x00000000eab00000, 0x00000000eb480000, 0x0000000100000000)
  eden space 2560K, 99% used [0x00000000eab00000,0x00000000ead7a0f8,0x00000000ead80000)
  from space 2560K, 99% used [0x00000000ead80000,0x00000000eaffd690,0x00000000eb000000)
  to   space 3584K, 0% used [0x00000000eb100000,0x00000000eb100000,0x00000000eb480000)
 ParOldGen       total 270848K, used 268996K [0x00000000c0000000, 0x00000000d0880000, 0x00000000eab00000)
  object space 270848K, 99% used [0x00000000c0000000,0x00000000d06b12c8,0x00000000d0880000)
 Metaspace       used 51186K, capacity 53664K, committed 53760K, reserved 1097728K
  class space    used 5268K, capacity 6059K, committed 6144K, reserved 1048576K
}
Event: 94.293 GC heap after
{Heap after GC invocations=204 (full 10):
 PSYoungGen      total 5632K, used 2217K [0x00000000eab00000, 0x00000000eb380000, 0x0000000100000000)
  eden space 3072K, 0% used [0x00000000eab00000,0x00000000eab00000,0x00000000eae00000)
  from space 2560K, 86% used [0x00000000eb100000,0x00000000eb32a6d8,0x00000000eb380000)
  to   space 2560K, 0% used [0x00000000eae80000,0x00000000eae80000,0x00000000eb100000)
 ParOldGen       total 270848K, used 270211K [0x00000000c0000000, 0x00000000d0880000, 0x00000000eab00000)
  object space 270848K, 99% used [0x00000000c0000000,0x00000000d07e0ef8,0x00000000d0880000)
 Metaspace       used 51186K, capacity 53664K, committed 53760K, reserved 1097728K
  class space    used 5268K, capacity 6059K, committed 6144K, reserved 1048576K
}
Event: 94.293 GC heap before
{Heap before GC invocations=205 (full 11):
 PSYoungGen      total 5632K, used 2217K [0x00000000eab00000, 0x00000000eb380000, 0x0000000100000000)
  eden space 3072K, 0% used [0x00000000eab00000,0x00000000eab00000,0x00000000eae00000)
  from space 2560K, 86% used [0x00000000eb100000,0x00000000eb32a6d8,0x00000000eb380000)
  to   space 2560K, 0% used [0x00000000eae80000,0x00000000eae80000,0x00000000eb100000)
 ParOldGen       total 270848K, used 270211K [0x00000000c0000000, 0x00000000d0880000, 0x00000000eab00000)
  object space 270848K, 99% used [0x00000000c0000000,0x00000000d07e0ef8,0x00000000d0880000)
 Metaspace       used 51186K, capacity 53664K, committed 53760K, reserved 1097728K
  class space    used 5268K, capacity 6059K, committed 6144K, reserved 1048576K
}

